================================================================
  Virtual Sensor Suite — 3DGS-based AV Sensor Simulation
  Probabilistic Multi-Modal Rendering Engine
================================================================

  Device: NVIDIA GeForce RTX 4090
  VRAM:   25.4 GB

Creating synthetic scene (50000 Gaussians)...
  Scene loaded: 50000 Gaussians on cuda
  Sensor rig: VirtualSensorRig(cameras=['front_camera', 'rear_camera'], lidars=['roof_lidar'], radar=['front_radar'])

Generating synthetic trajectory: 10 frames, 10.0 m/s, curve r=50.0
  Trajectory: Trajectory(n_frames=10, duration=0.9s, t=[0.00, 0.90])

Starting batch simulation...
Simulating:   0%|          | 0/10 [00:00<?, ?frame/s]Simulating:  10%|█         | 1/10 [00:02<00:23,  2.58s/frame]Simulating:  20%|██        | 2/10 [00:04<00:18,  2.26s/frame]Simulating:  30%|███       | 3/10 [00:06<00:14,  2.12s/frame]Simulating:  40%|████      | 4/10 [00:08<00:12,  2.07s/frame]Simulating:  50%|█████     | 5/10 [00:10<00:10,  2.10s/frame]Simulating:  60%|██████    | 6/10 [00:12<00:08,  2.12s/frame]Simulating:  70%|███████   | 7/10 [00:14<00:06,  2.06s/frame]Simulating:  80%|████████  | 8/10 [00:16<00:04,  2.05s/frame]Simulating:  90%|█████████ | 9/10 [00:18<00:02,  2.07s/frame]Simulating: 100%|██████████| 10/10 [00:21<00:00,  2.10s/frame]Simulating: 100%|██████████| 10/10 [00:21<00:00,  2.11s/frame]
/workspace/virtual-sensor-suite/visualization/fusion_overlay.py:176: RuntimeWarning: invalid value encountered in subtract
  error = np.abs(pred_depth - gt_depth)

============================================================
Simulation Summary
============================================================
  Frames rendered: 10

  camera_ms:
    Mean:  835.5 ms
    Std:   137.7 ms
    FPS:   1.2

  lidar_ms:
    Mean:  225.3 ms
    Std:   39.2 ms
    FPS:   4.4

  Total render time: 18.96s
  Overall FPS: 0.5
============================================================

================================================================
  V&V Metrics — Self-Consistency Analysis
================================================================

  Deterministic vs Stochastic LiDAR comparison:
    Deterministic points: 13395
    Stochastic points:   11432
    Ray drop rate:       0.147
    MAE (stoch vs det):  0.0000 m
    delta < 1.25:        1.000

  Frustum-culled validation (camera: front_camera):
============================================================
Frustum-Culled V&V Report
============================================================

--- Full Scene ---
  MAE:    0.0000 m
  RMSE:   0.0000 m
  AbsRel: 0.0000
  d<1.25: 1.000
  Points: 11439

--- Frustum Culled ---
  MAE:    0.0000 m
  RMSE:   0.0000 m
  AbsRel: 0.0000
  d<1.25: 1.000
  Points: 1193

--- Culling Statistics ---
  total_synthetic: 11439
  total_gt: 11439
  frustum_synthetic: 1193
  frustum_gt: 1193
  synth_cull_ratio: 0.104
  gt_cull_ratio: 0.104
============================================================

  Multi-frame depth consistency (front_camera):
    Frame 0 -> 1: mean depth diff = 0.8000 m
    Frame 1 -> 2: mean depth diff = 0.7494 m
    Frame 2 -> 3: mean depth diff = 0.7581 m
    Frame 3 -> 4: mean depth diff = 0.9879 m
    Average inter-frame depth change: 0.8238 m
================================================================

  Generating visualizations...
    Saved: frame_0000_multi_panel.png
    Saved: frame_0000_fusion.png
    Saved: frame_0000_bev.png
    Saved: frame_0001_multi_panel.png
    Saved: frame_0001_fusion.png
    Saved: frame_0001_bev.png
    Saved: frame_0002_multi_panel.png
    Saved: frame_0002_fusion.png
    Saved: frame_0002_bev.png

  Computing ray drop heatmap (Monte Carlo, 30 samples)...
    Saved: ray_drop_heatmap.png
    Saved: depth_comparison.png

================================================================
  Performance Benchmark
================================================================

  Camera: front_camera (1242x375)
    Mean:   606.4 ms
    Std:    83.4 ms
    Min:    485.4 ms
    Max:    752.9 ms
    FPS:    1.6

  LiDAR: roof_lidar (32ch, 16384 rays)

    Deterministic:
      Mean:  205.5 ms  |  FPS: 4.9
    Stochastic (p_drop=0.15):
      Mean:  205.5 ms  |  FPS: 4.9

================================================================

  Output saved to: /workspace/virtual-sensor-suite/output
  Frames: 10
  Camera renders: 20
  LiDAR renders:  10

Done.
